{
  message: 'development',
  level: 'info',
  label: 'my professional sever',
  timestamp: '2023-06-05T14:37:18.406Z'
}
{
  message: 'Database is connected successfully',
  level: 'info',
  label: 'my professional sever',
  timestamp: '2023-06-05T14:37:20.979Z'
}
{
  message: 'Application app listening on port 5000',
  level: 'info',
  label: 'my professional sever',
  timestamp: '2023-06-05T14:37:21.018Z'
}
{
  message: 'development',
  level: 'info',
  label: 'my professional sever',
  timestamp: '2023-06-05T14:44:26.942Z'
}
{
  message: 'Database is connected successfully',
  level: 'info',
  label: 'my professional sever',
  timestamp: '2023-06-05T14:44:28.521Z'
}
{
  message: 'Application app listening on port 5000',
  level: 'info',
  label: 'my professional sever',
  timestamp: '2023-06-05T14:44:28.535Z'
}
Mon Jun 05 2023 = 20 : 44 : 49  [my professional sever] info: development
Mon Jun 05 2023 = 20 : 44 : 51  [my professional sever] info: Database is connected successfully
Mon Jun 05 2023 = 20 : 44 : 51  [my professional sever] info: Application app listening on port 5000
