Thu Jun 15 2023 = 1 : 1 : 45  [my professional sever] error: GlobalErrorHandler~: [
  {
    "expected": "'01' | '02' | '03'",
    "received": "undefined",
    "code": "invalid_type",
    "path": [
      "body",
      "code"
    ],
    "message": "Required"
  }
]
Thu Jun 15 2023 = 1 : 2 : 22  [my professional sever] error: GlobalErrorHandler~: [
  {
    "expected": "'01' | '02' | '03'",
    "received": "undefined",
    "code": "invalid_type",
    "path": [
      "body",
      "code"
    ],
    "message": "Required"
  }
]
Thu Jun 15 2023 = 1 : 5 : 58  [my professional sever] error: GlobalErrorHandler~: [
  {
    "code": "custom",
    "message": "Either both title and code should be provided or neither",
    "path": []
  }
]
Thu Jun 15 2023 = 1 : 7 : 37  [my professional sever] error: GlobalErrorHandler~: [
  {
    "code": "custom",
    "message": "Either both title and code should be provided or neither",
    "path": []
  }
]
Thu Jun 15 2023 = 1 : 17 : 1  [my professional sever] error: GlobalErrorHandler~: Invalid semester code
Thu Jun 15 2023 = 1 : 22 : 0  [my professional sever] error: GlobalErrorHandler~: Invalid semester code
Thu Jun 15 2023 = 1 : 25 : 25  [my professional sever] error: GlobalErrorHandler~: Invalid semester code
Thu Jun 15 2023 = 1 : 25 : 31  [my professional sever] error: GlobalErrorHandler~: Invalid semester code
Thu Jun 15 2023 = 1 : 26 : 40  [my professional sever] error: GlobalErrorHandler~: Invalid semester code
Thu Jun 15 2023 = 1 : 26 : 42  [my professional sever] error: GlobalErrorHandler~: Invalid semester code
Thu Jun 15 2023 = 1 : 33 : 26  [my professional sever] error: GlobalErrorHandler~: Invalid semester code
Thu Jun 15 2023 = 1 : 34 : 22  [my professional sever] error: GlobalErrorHandler~: Invalid semester code
Thu Jun 15 2023 = 1 : 34 : 39  [my professional sever] error: GlobalErrorHandler~: Invalid semester code
Thu Jun 15 2023 = 1 : 34 : 54  [my professional sever] error: GlobalErrorHandler~: Invalid semester code
