
{"level":"info","message":"development"}
{"level":"info","message":"Database is connected successfully"}
{"level":"info","message":"Application app listening on port 5000"}
{"level":"info","message":"development"}
{"level":"info","message":"development"}
{"level":"info","message":"Database is connected successfully"}
{"level":"info","message":"Application app listening on port 5000"}
{"level":"info","message":"development"}
{"level":"info","message":"Database is connected successfully"}
{"level":"info","message":"Application app listening on port 5000"}
2023-06-05T13:57:13.921Z [right meow!] info: development
2023-06-05T13:57:15.024Z [right meow!] info: Database is connected successfully
2023-06-05T13:57:15.035Z [right meow!] info: Application app listening on port 5000
2023-06-05T13:59:14.775Z [right meow!] info: development
2023-06-05T14:03:12.869Z [right meow!] info: development
2023-06-05T14:03:14.032Z [right meow!] info: Database is connected successfully
2023-06-05T14:03:14.045Z [right meow!] info: Application app listening on port 5000
Mon Jun 05 2023 = 20 : 8 : 0  [right meow!] info: development
Mon Jun 05 2023 = 20 : 8 : 2  [right meow!] info: Database is connected successfully
Mon Jun 05 2023 = 20 : 8 : 2  [right meow!] info: Application app listening on port 5000
Mon Jun 05 2023 = 20 : 9 : 3  [my professional sever] info: development
Mon Jun 05 2023 = 20 : 9 : 4  [my professional sever] info: Database is connected successfully
Mon Jun 05 2023 = 20 : 9 : 4  [my professional sever] info: Application app listening on port 5000
{
  message: 'development',
  level: 'info',
  label: 'my professional sever',
  timestamp: '2023-06-05T14:11:19.643Z'
}
{
  message: 'Database is connected successfully',
  level: 'info',
  label: 'my professional sever',
  timestamp: '2023-06-05T14:11:21.721Z'
}
{
  message: 'Application app listening on port 5000',
  level: 'info',
  label: 'my professional sever',
  timestamp: '2023-06-05T14:11:21.738Z'
}
